2024-12-23 14:59:31 | DEBUG    | markdown_notion.log_config:setup_logging:54 - File logging enabled: markdown_notion.log
2024-12-23 14:59:31 | INFO     | __main__:main:84 - Starting markdown to Notion conversion
2024-12-23 14:59:31 | ERROR    | __main__:main:127 - Conversion failed: Invalid Notion page ID format
2024-12-23 15:00:24 | DEBUG    | markdown_notion.log_config:setup_logging:54 - File logging enabled: markdown_notion.log
2024-12-23 15:00:24 | INFO     | __main__:main:84 - Starting markdown to Notion conversion
2024-12-23 15:00:24 | DEBUG    | __main__:main:89 - Normalized page ID: 148e54a417e68160815dd8e1c62400e9
2024-12-23 15:00:24 | INFO     | markdown_notion.notion:__init__:21 - Initializing Notion client
2024-12-23 15:00:24 | INFO     | markdown_notion.notion:__init__:26 - Successfully connected to Notion API
2024-12-23 15:00:24 | INFO     | markdown_notion.parser:parse_markdown_file:21 - Parsing markdown file: examples/sample.md
2024-12-23 15:00:24 | DEBUG    | markdown_notion.parser:parse_markdown_file:30 - Successfully read 881 characters from file
2024-12-23 15:00:24 | INFO     | markdown_notion.parser:parse_markdown_text:48 - Starting markdown text parsing
2024-12-23 15:00:24 | DEBUG    | markdown_notion.parser:parse_markdown_text:49 - Input text length: 881 characters
2024-12-23 15:00:24 | DEBUG    | markdown_notion.parser:parse_markdown_text:62 - Initialized markdown parser with extensions
2024-12-23 15:00:24 | DEBUG    | markdown_notion.parser:parse_markdown_text:67 - Converted markdown to HTML: 1310 characters
2024-12-23 15:00:24 | DEBUG    | markdown_notion.parser:parse_markdown_text:71 - Created BeautifulSoup parser
2024-12-23 15:00:24 | DEBUG    | markdown_notion.parser:_process_element:141 - Processed bulleted_list with 5 items
2024-12-23 15:00:24 | DEBUG    | markdown_notion.parser:_process_element:141 - Processed numbered_list with 5 items
2024-12-23 15:00:24 | DEBUG    | markdown_notion.parser:_process_element:119 - Processing code block with language: python
2024-12-23 15:00:24 | DEBUG    | markdown_notion.parser:_process_element:159 - Processed table with 3 rows, has_header: True
2024-12-23 15:00:24 | ERROR    | markdown_notion.parser:_process_element:172 - Error processing element hr: invalid literal for int() with base 10: 'r'
2024-12-23 15:00:24 | ERROR    | markdown_notion.parser:parse_markdown_text:90 - Error parsing markdown text: invalid literal for int() with base 10: 'r'
2024-12-23 15:00:24 | ERROR    | markdown_notion.parser:parse_markdown_file:33 - Error reading markdown file: invalid literal for int() with base 10: 'r'
2024-12-23 15:00:24 | ERROR    | __main__:main:127 - Conversion failed: invalid literal for int() with base 10: 'r'
2024-12-23 15:02:24 | DEBUG    | markdown_notion.log_config:setup_logging:54 - File logging enabled: markdown_notion.log
2024-12-23 15:02:24 | INFO     | __main__:main:84 - Starting markdown to Notion conversion
2024-12-23 15:02:24 | DEBUG    | __main__:main:89 - Normalized page ID: 148e54a417e68160815dd8e1c62400e9
2024-12-23 15:02:24 | INFO     | markdown_notion.notion:__init__:21 - Initializing Notion client
2024-12-23 15:02:24 | INFO     | markdown_notion.notion:__init__:26 - Successfully connected to Notion API
2024-12-23 15:02:24 | INFO     | markdown_notion.parser:parse_markdown_file:21 - Parsing markdown file: examples/sample.md
2024-12-23 15:02:24 | DEBUG    | markdown_notion.parser:parse_markdown_file:30 - Successfully read 881 characters from file
2024-12-23 15:02:24 | INFO     | markdown_notion.parser:parse_markdown_text:48 - Starting markdown text parsing
2024-12-23 15:02:24 | DEBUG    | markdown_notion.parser:parse_markdown_text:49 - Input text length: 881 characters
2024-12-23 15:02:24 | DEBUG    | markdown_notion.parser:parse_markdown_text:62 - Initialized markdown parser with extensions
2024-12-23 15:02:24 | DEBUG    | markdown_notion.parser:parse_markdown_text:67 - Converted markdown to HTML: 1310 characters
2024-12-23 15:02:24 | DEBUG    | markdown_notion.parser:parse_markdown_text:71 - Created BeautifulSoup parser
2024-12-23 15:02:24 | DEBUG    | markdown_notion.parser:_process_element:99 - Processing element of type: h1
2024-12-23 15:02:24 | DEBUG    | markdown_notion.parser:_process_element:105 - Processing heading with raw level: 1
2024-12-23 15:02:24 | DEBUG    | markdown_notion.parser:_process_element:99 - Processing element of type: p
2024-12-23 15:02:24 | DEBUG    | markdown_notion.parser:_process_element:99 - Processing element of type: h2
2024-12-23 15:02:24 | DEBUG    | markdown_notion.parser:_process_element:105 - Processing heading with raw level: 2
2024-12-23 15:02:24 | DEBUG    | markdown_notion.parser:_process_element:99 - Processing element of type: p
2024-12-23 15:02:24 | DEBUG    | markdown_notion.parser:_process_element:99 - Processing element of type: h2
2024-12-23 15:02:24 | DEBUG    | markdown_notion.parser:_process_element:105 - Processing heading with raw level: 2
2024-12-23 15:02:24 | DEBUG    | markdown_notion.parser:_process_element:99 - Processing element of type: h3
2024-12-23 15:02:24 | DEBUG    | markdown_notion.parser:_process_element:105 - Processing heading with raw level: 3
2024-12-23 15:02:24 | DEBUG    | markdown_notion.parser:_process_element:99 - Processing element of type: ul
2024-12-23 15:02:24 | DEBUG    | markdown_notion.parser:_process_element:147 - Processed bulleted_list with 5 items
2024-12-23 15:02:24 | DEBUG    | markdown_notion.parser:_process_element:99 - Processing element of type: h3
2024-12-23 15:02:24 | DEBUG    | markdown_notion.parser:_process_element:105 - Processing heading with raw level: 3
2024-12-23 15:02:24 | DEBUG    | markdown_notion.parser:_process_element:99 - Processing element of type: ol
2024-12-23 15:02:24 | DEBUG    | markdown_notion.parser:_process_element:147 - Processed numbered_list with 5 items
2024-12-23 15:02:24 | DEBUG    | markdown_notion.parser:_process_element:99 - Processing element of type: h2
2024-12-23 15:02:24 | DEBUG    | markdown_notion.parser:_process_element:105 - Processing heading with raw level: 2
2024-12-23 15:02:24 | DEBUG    | markdown_notion.parser:_process_element:99 - Processing element of type: pre
2024-12-23 15:02:24 | DEBUG    | markdown_notion.parser:_process_element:125 - Processing code block with language: python
2024-12-23 15:02:24 | DEBUG    | markdown_notion.parser:_process_element:99 - Processing element of type: h2
2024-12-23 15:02:24 | DEBUG    | markdown_notion.parser:_process_element:105 - Processing heading with raw level: 2
2024-12-23 15:02:24 | DEBUG    | markdown_notion.parser:_process_element:99 - Processing element of type: blockquote
2024-12-23 15:02:24 | DEBUG    | markdown_notion.parser:_process_element:99 - Processing element of type: h2
2024-12-23 15:02:24 | DEBUG    | markdown_notion.parser:_process_element:105 - Processing heading with raw level: 2
2024-12-23 15:02:24 | DEBUG    | markdown_notion.parser:_process_element:99 - Processing element of type: p
2024-12-23 15:02:24 | DEBUG    | markdown_notion.parser:_process_element:99 - Processing element of type: h2
2024-12-23 15:02:24 | DEBUG    | markdown_notion.parser:_process_element:105 - Processing heading with raw level: 2
2024-12-23 15:02:24 | DEBUG    | markdown_notion.parser:_process_element:99 - Processing element of type: table
2024-12-23 15:02:24 | DEBUG    | markdown_notion.parser:_process_element:165 - Processed table with 3 rows, has_header: True
2024-12-23 15:02:24 | DEBUG    | markdown_notion.parser:_process_element:99 - Processing element of type: hr
2024-12-23 15:02:24 | DEBUG    | markdown_notion.parser:_process_element:105 - Processing heading with raw level: r
2024-12-23 15:02:24 | ERROR    | markdown_notion.parser:_process_element:110 - Invalid heading level: r
2024-12-23 15:02:24 | ERROR    | markdown_notion.parser:_process_element:179 - Error processing element hr: invalid literal for int() with base 10: 'r'
2024-12-23 15:02:24 | ERROR    | markdown_notion.parser:parse_markdown_text:90 - Error parsing markdown text: invalid literal for int() with base 10: 'r'
2024-12-23 15:02:24 | ERROR    | markdown_notion.parser:parse_markdown_file:33 - Error reading markdown file: invalid literal for int() with base 10: 'r'
2024-12-23 15:02:24 | ERROR    | __main__:main:127 - Conversion failed: invalid literal for int() with base 10: 'r'
2024-12-23 15:03:19 | DEBUG    | markdown_notion.log_config:setup_logging:54 - File logging enabled: markdown_notion.log
2024-12-23 15:03:19 | INFO     | __main__:main:84 - Starting markdown to Notion conversion
2024-12-23 15:03:19 | DEBUG    | __main__:main:89 - Normalized page ID: 148e54a417e68160815dd8e1c62400e9
2024-12-23 15:03:19 | INFO     | markdown_notion.notion:__init__:21 - Initializing Notion client
2024-12-23 15:03:19 | INFO     | markdown_notion.notion:__init__:26 - Successfully connected to Notion API
2024-12-23 15:03:19 | INFO     | markdown_notion.parser:parse_markdown_file:21 - Parsing markdown file: examples/sample.md
2024-12-23 15:03:19 | DEBUG    | markdown_notion.parser:parse_markdown_file:30 - Successfully read 881 characters from file
2024-12-23 15:03:19 | INFO     | markdown_notion.parser:parse_markdown_text:48 - Starting markdown text parsing
2024-12-23 15:03:19 | DEBUG    | markdown_notion.parser:parse_markdown_text:49 - Input text length: 881 characters
2024-12-23 15:03:19 | DEBUG    | markdown_notion.parser:parse_markdown_text:62 - Initialized markdown parser with extensions
2024-12-23 15:03:19 | DEBUG    | markdown_notion.parser:parse_markdown_text:67 - Converted markdown to HTML: 1310 characters
2024-12-23 15:03:19 | DEBUG    | markdown_notion.parser:parse_markdown_text:71 - Created BeautifulSoup parser
2024-12-23 15:03:19 | DEBUG    | markdown_notion.parser:_process_element:99 - Processing element of type: h1
2024-12-23 15:03:19 | DEBUG    | markdown_notion.parser:_process_element:110 - Processing heading with raw level: 1
2024-12-23 15:03:19 | DEBUG    | markdown_notion.parser:_process_element:99 - Processing element of type: p
2024-12-23 15:03:19 | DEBUG    | markdown_notion.parser:_process_element:99 - Processing element of type: h2
2024-12-23 15:03:19 | DEBUG    | markdown_notion.parser:_process_element:110 - Processing heading with raw level: 2
2024-12-23 15:03:19 | DEBUG    | markdown_notion.parser:_process_element:99 - Processing element of type: p
2024-12-23 15:03:19 | DEBUG    | markdown_notion.parser:_process_element:99 - Processing element of type: h2
2024-12-23 15:03:19 | DEBUG    | markdown_notion.parser:_process_element:110 - Processing heading with raw level: 2
2024-12-23 15:03:19 | DEBUG    | markdown_notion.parser:_process_element:99 - Processing element of type: h3
2024-12-23 15:03:19 | DEBUG    | markdown_notion.parser:_process_element:110 - Processing heading with raw level: 3
2024-12-23 15:03:19 | DEBUG    | markdown_notion.parser:_process_element:99 - Processing element of type: ul
2024-12-23 15:03:19 | DEBUG    | markdown_notion.parser:_process_element:152 - Processed bulleted_list with 5 items
2024-12-23 15:03:19 | DEBUG    | markdown_notion.parser:_process_element:99 - Processing element of type: h3
2024-12-23 15:03:19 | DEBUG    | markdown_notion.parser:_process_element:110 - Processing heading with raw level: 3
2024-12-23 15:03:19 | DEBUG    | markdown_notion.parser:_process_element:99 - Processing element of type: ol
2024-12-23 15:03:19 | DEBUG    | markdown_notion.parser:_process_element:152 - Processed numbered_list with 5 items
2024-12-23 15:03:19 | DEBUG    | markdown_notion.parser:_process_element:99 - Processing element of type: h2
2024-12-23 15:03:19 | DEBUG    | markdown_notion.parser:_process_element:110 - Processing heading with raw level: 2
2024-12-23 15:03:19 | DEBUG    | markdown_notion.parser:_process_element:99 - Processing element of type: pre
2024-12-23 15:03:19 | DEBUG    | markdown_notion.parser:_process_element:130 - Processing code block with language: python
2024-12-23 15:03:19 | DEBUG    | markdown_notion.parser:_process_element:99 - Processing element of type: h2
2024-12-23 15:03:19 | DEBUG    | markdown_notion.parser:_process_element:110 - Processing heading with raw level: 2
2024-12-23 15:03:19 | DEBUG    | markdown_notion.parser:_process_element:99 - Processing element of type: blockquote
2024-12-23 15:03:19 | DEBUG    | markdown_notion.parser:_process_element:99 - Processing element of type: h2
2024-12-23 15:03:19 | DEBUG    | markdown_notion.parser:_process_element:110 - Processing heading with raw level: 2
2024-12-23 15:03:19 | DEBUG    | markdown_notion.parser:_process_element:99 - Processing element of type: p
2024-12-23 15:03:19 | DEBUG    | markdown_notion.parser:_process_element:99 - Processing element of type: h2
2024-12-23 15:03:19 | DEBUG    | markdown_notion.parser:_process_element:110 - Processing heading with raw level: 2
2024-12-23 15:03:19 | DEBUG    | markdown_notion.parser:_process_element:99 - Processing element of type: table
2024-12-23 15:03:19 | DEBUG    | markdown_notion.parser:_process_element:170 - Processed table with 3 rows, has_header: True
2024-12-23 15:03:19 | DEBUG    | markdown_notion.parser:_process_element:99 - Processing element of type: hr
2024-12-23 15:03:19 | DEBUG    | markdown_notion.parser:_process_element:104 - Processing horizontal rule
2024-12-23 15:03:19 | DEBUG    | markdown_notion.parser:_process_element:99 - Processing element of type: p
2024-12-23 15:03:19 | INFO     | markdown_notion.parser:parse_markdown_text:86 - Successfully parsed markdown into 19 blocks
2024-12-23 15:03:19 | INFO     | markdown_notion.converter:markdown_to_notion_blocks:19 - Converting markdown content to Notion blocks
2024-12-23 15:03:19 | DEBUG    | markdown_notion.converter:markdown_to_notion_blocks:20 - Processing 19 markdown blocks
2024-12-23 15:03:19 | DEBUG    | markdown_notion.converter:markdown_to_notion_blocks:31 - Processing heading level 1
2024-12-23 15:03:19 | DEBUG    | markdown_notion.converter:markdown_to_notion_blocks:31 - Processing heading level 2
2024-12-23 15:03:19 | DEBUG    | markdown_notion.converter:markdown_to_notion_blocks:31 - Processing heading level 2
2024-12-23 15:03:19 | DEBUG    | markdown_notion.converter:markdown_to_notion_blocks:31 - Processing heading level 3
2024-12-23 15:03:19 | DEBUG    | markdown_notion.converter:markdown_to_notion_blocks:60 - Processing bulleted_list with type bulleted_list_item
2024-12-23 15:03:19 | DEBUG    | markdown_notion.converter:markdown_to_notion_blocks:31 - Processing heading level 3
2024-12-23 15:03:19 | DEBUG    | markdown_notion.converter:markdown_to_notion_blocks:60 - Processing numbered_list with type numbered_list_item
2024-12-23 15:03:19 | DEBUG    | markdown_notion.converter:markdown_to_notion_blocks:31 - Processing heading level 2
2024-12-23 15:03:19 | DEBUG    | markdown_notion.converter:markdown_to_notion_blocks:77 - Processing code block with language: python
2024-12-23 15:03:19 | DEBUG    | markdown_notion.converter:markdown_to_notion_blocks:31 - Processing heading level 2
2024-12-23 15:03:19 | DEBUG    | markdown_notion.converter:markdown_to_notion_blocks:31 - Processing heading level 2
2024-12-23 15:03:19 | DEBUG    | markdown_notion.converter:markdown_to_notion_blocks:31 - Processing heading level 2
2024-12-23 15:03:19 | DEBUG    | markdown_notion.converter:markdown_to_notion_blocks:119 - Processing table with 3 rows, has_header: True
2024-12-23 15:03:19 | INFO     | markdown_notion.converter:markdown_to_notion_blocks:155 - Successfully converted 27 Notion blocks
2024-12-23 15:03:19 | INFO     | markdown_notion.notion:append_blocks_to_page:42 - Appending 27 blocks to page 148e54a417e68160815dd8e1c62400e9
2024-12-23 15:03:19 | DEBUG    | markdown_notion.notion:append_blocks_to_page:47 - Successfully verified access to page 148e54a417e68160815dd8e1c62400e9
2024-12-23 15:03:19 | DEBUG    | markdown_notion.notion:append_blocks_to_page:53 - Processing batch of 27 blocks
2024-12-23 15:03:21 | DEBUG    | markdown_notion.notion:append_blocks_to_page:56 - Successfully appended batch 1
2024-12-23 15:03:21 | INFO     | markdown_notion.notion:append_blocks_to_page:58 - Successfully appended all blocks to page
2024-12-23 15:03:21 | INFO     | __main__:main:124 - Successfully converted markdown to Notion page
